0 info it worked if it ends with ok
1 verbose cli [ '/home/peter/.nvm/versions/node/v7.2.1/bin/node',
1 verbose cli   '/home/peter/.nvm/versions/node/v7.2.1/bin/npm',
1 verbose cli   'start' ]
2 info using npm@3.10.10
3 info using node@v7.2.1
4 verbose run-script [ 'prestart', 'start', 'poststart' ]
5 info lifecycle ssr-demo@1.0.0~prestart: ssr-demo@1.0.0
6 silly lifecycle ssr-demo@1.0.0~prestart: no script for prestart, continuing
7 info lifecycle ssr-demo@1.0.0~start: ssr-demo@1.0.0
8 verbose lifecycle ssr-demo@1.0.0~start: unsafe-perm in lifecycle true
9 verbose lifecycle ssr-demo@1.0.0~start: PATH: /home/peter/.nvm/versions/node/v7.2.1/lib/node_modules/npm/bin/node-gyp-bin:/home/peter/git/vue-mdc/demos/ssr-demo/node_modules/.bin:/home/peter/.nvm/versions/node/v7.2.1/bin:/usr/lib64/qt-3.3/bin:/usr/local/bin:/usr/local/sbin:/usr/bin:/usr/sbin
10 verbose lifecycle ssr-demo@1.0.0~start: CWD: /home/peter/git/vue-mdc/demos/ssr-demo
11 silly lifecycle ssr-demo@1.0.0~start: Args: [ '-c', 'node --harmony ./scripts/start' ]
12 silly lifecycle ssr-demo@1.0.0~start: Returned: code: 1  signal: null
13 info lifecycle ssr-demo@1.0.0~start: Failed to exec start script
14 verbose stack Error: ssr-demo@1.0.0 start: `node --harmony ./scripts/start`
14 verbose stack Exit status 1
14 verbose stack     at EventEmitter.<anonymous> (/home/peter/.nvm/versions/node/v7.2.1/lib/node_modules/npm/lib/utils/lifecycle.js:255:16)
14 verbose stack     at emitTwo (events.js:106:13)
14 verbose stack     at EventEmitter.emit (events.js:191:7)
14 verbose stack     at ChildProcess.<anonymous> (/home/peter/.nvm/versions/node/v7.2.1/lib/node_modules/npm/lib/utils/spawn.js:40:14)
14 verbose stack     at emitTwo (events.js:106:13)
14 verbose stack     at ChildProcess.emit (events.js:191:7)
14 verbose stack     at maybeClose (internal/child_process.js:885:16)
14 verbose stack     at Process.ChildProcess._handle.onexit (internal/child_process.js:226:5)
15 verbose pkgid ssr-demo@1.0.0
16 verbose cwd /home/peter/git/vue-mdc/demos/ssr-demo
17 error Linux 4.8.14-300.fc25.x86_64
18 error argv "/home/peter/.nvm/versions/node/v7.2.1/bin/node" "/home/peter/.nvm/versions/node/v7.2.1/bin/npm" "start"
19 error node v7.2.1
20 error npm  v3.10.10
21 error code ELIFECYCLE
22 error ssr-demo@1.0.0 start: `node --harmony ./scripts/start`
22 error Exit status 1
23 error Failed at the ssr-demo@1.0.0 start script 'node --harmony ./scripts/start'.
23 error Make sure you have the latest version of node.js and npm installed.
23 error If you do, this is most likely a problem with the ssr-demo package,
23 error not with npm itself.
23 error Tell the author that this fails on your system:
23 error     node --harmony ./scripts/start
23 error You can get information on how to open an issue for this project with:
23 error     npm bugs ssr-demo
23 error Or if that isn't available, you can get their info via:
23 error     npm owner ls ssr-demo
23 error There is likely additional logging output above.
24 verbose exit [ 1, true ]
